{
"contracts/ERC1155ERC721.sol":{"l":{"65":68,"71":63,"84":4,"95":4,"108":1,"109":1,"110":1,"130":11,"133":5,"135":6,"163":30,"164":29,"165":11,"166":10,"167":9,"169":9,"172":18,"173":2,"174":2,"176":18,"178":16,"179":6,"208":19,"209":19,"210":18,"212":18,"213":18,"214":18,"216":16,"217":6,"238":474,"239":40,"240":22,"242":18,"244":434,"260":12,"262":12,"263":12,"264":250,"267":12,"281":13,"282":13,"298":4,"312":31,"327":15,"328":15,"329":13,"346":1,"371":28,"372":28,"374":26,"375":1,"376":1,"378":26,"380":26,"381":11,"405":5,"406":5,"408":4,"409":2,"410":2,"412":4,"414":4,"415":1,"433":8,"434":8,"436":5,"437":5,"450":5,"451":4,"471":8,"472":5,"474":5,"475":5,"476":5,"490":27,"501":20,"503":20,"504":20,"513":36,"514":678,"515":6,"525":10,"526":10,"539":65,"540":65,"541":65,"542":65,"544":65,"545":14,"546":51,"547":2,"548":49,"549":5,"550":44,"551":6,"553":44,"554":10,"556":34,"567":23,"568":23,"569":23,"570":23,"572":23,"573":7,"574":16,"575":5,"576":11,"577":1,"578":10,"579":2,"581":10,"582":4,"584":6,"594":16,"595":16,"606":5,"607":5,"608":5,"620":18,"622":18,"623":281,"624":281,"625":4,"626":4,"627":4,"628":4,"629":4,"630":4,"631":4,"633":277,"634":276,"635":275,"639":16,"640":16,"642":16,"655":496,"656":496,"657":13,"659":496,"660":65,"661":65,"662":65,"663":65,"665":431,"668":496,"669":496,"671":496,"673":496,"674":2,"677":495,"687":31,"688":31,"689":31,"705":21,"706":11,"707":9,"709":2,"711":10,"725":10,"738":9,"745":13,"747":13,"748":1,"749":12,"750":12,"764":6,"773":55,"785":56,"786":30,"787":30,"788":30,"789":30,"790":30,"791":30,"793":30,"796":26,"797":26,"798":23,"802":53},"path":"/Users/billhsu/Desktop/work/github/AR-Factory/contracts/ERC1155ERC721.sol","s":{"1":68,"2":4,"3":4,"4":1,"5":1,"6":1,"7":11,"8":5,"9":6,"10":30,"11":29,"12":11,"13":10,"14":9,"15":9,"16":18,"17":2,"18":2,"19":18,"20":16,"21":6,"22":19,"23":19,"24":18,"25":18,"26":18,"27":18,"28":16,"29":6,"30":474,"31":40,"32":22,"33":18,"34":434,"35":12,"36":12,"37":12,"38":250,"39":12,"40":13,"41":13,"42":4,"43":31,"44":15,"45":15,"46":13,"47":1,"48":28,"49":28,"50":26,"51":1,"52":1,"53":26,"54":26,"55":11,"56":5,"57":5,"58":4,"59":2,"60":2,"61":4,"62":4,"63":1,"64":8,"65":8,"66":5,"67":5,"68":5,"69":4,"70":8,"71":5,"72":5,"73":5,"74":5,"75":27,"76":20,"77":20,"78":20,"79":36,"80":678,"81":6,"82":10,"83":10,"84":65,"85":65,"86":65,"87":65,"88":65,"89":14,"90":51,"91":2,"92":49,"93":5,"94":44,"95":6,"96":44,"97":10,"98":34,"99":23,"100":23,"101":23,"102":23,"103":23,"104":7,"105":16,"106":5,"107":11,"108":1,"109":10,"110":2,"111":10,"112":4,"113":6,"114":16,"115":16,"116":5,"117":5,"118":5,"119":18,"120":18,"121":281,"122":281,"123":4,"124":4,"125":4,"126":4,"127":4,"128":4,"129":277,"130":276,"131":275,"132":16,"133":16,"134":16,"135":496,"136":496,"137":13,"138":496,"139":65,"140":65,"141":65,"142":431,"143":496,"144":496,"145":496,"146":496,"147":2,"148":495,"149":31,"150":31,"151":31,"152":21,"153":11,"154":9,"155":2,"156":10,"157":10,"158":9,"159":13,"160":13,"161":1,"162":12,"163":12,"164":6,"165":55,"166":56,"167":30,"168":30,"169":30,"170":30,"171":30,"172":26,"173":26,"174":23,"175":53},"b":{"1":[63,5],"2":[5,6],"3":[29,1],"4":[11,18],"5":[10,1],"6":[9,1],"7":[2,16],"8":[6,10],"9":[3,3],"10":[19,0],"11":[18,1],"12":[6,10],"13":[2,4],"14":[40,434],"15":[22,18],"16":[12,0],"17":[13,2],"18":[28,0],"19":[26,2],"20":[1,25],"21":[11,15],"22":[6,5],"23":[5,0],"24":[4,1],"25":[2,2],"26":[1,3],"27":[1,0],"28":[5,3],"29":[4,1],"30":[5,3],"31":[5,0],"32":[20,0],"33":[6,672],"34":[14,51],"35":[2,49],"36":[5,44],"37":[6,38],"38":[10,34],"39":[7,16],"40":[5,11],"41":[1,10],"42":[2,8],"43":[4,6],"44":[281,0],"45":[4,277],"46":[4,0],"47":[4,0],"48":[4,0],"49":[276,1],"50":[13,483],"51":[65,431],"52":[2,494],"53":[1,1],"54":[11,10],"55":[9,2],"56":[1,12],"57":[30,26],"58":[30,0],"59":[30,0],"60":[26,0]},"f":{"1":68,"2":4,"3":4,"4":1,"5":11,"6":30,"7":19,"8":474,"9":12,"10":13,"11":4,"12":31,"13":15,"14":1,"15":28,"16":5,"17":8,"18":5,"19":8,"20":27,"21":20,"22":36,"23":10,"24":65,"25":23,"26":16,"27":5,"28":18,"29":496,"30":31,"31":21,"32":10,"33":9,"34":13,"35":6,"36":55,"37":56},"fnMap":{"1":{"name":"AuthorizedTransfer","line":60,"loc":{"start":{"line":60,"column":4},"end":{"line":72,"column":4}}},"2":{"name":"settingOperatorOf","line":79,"loc":{"start":{"line":79,"column":4},"end":{"line":85,"column":4}}},"3":{"name":"recordingOperatorOf","line":90,"loc":{"start":{"line":90,"column":4},"end":{"line":96,"column":4}}},"4":{"name":"timeIntervalOf","line":103,"loc":{"start":{"line":103,"column":4},"end":{"line":111,"column":4}}},"5":{"name":"supportsInterface","line":121,"loc":{"start":{"line":121,"column":4},"end":{"line":136,"column":4}}},"6":{"name":"safeTransferFrom","line":161,"loc":{"start":{"line":152,"column":4},"end":{"line":182,"column":4}}},"7":{"name":"safeBatchTransferFrom","line":198,"loc":{"start":{"line":198,"column":4},"end":{"line":220,"column":4}}},"8":{"name":"balanceOf","line":228,"loc":{"start":{"line":228,"column":4},"end":{"line":245,"column":4}}},"9":{"name":"balanceOfBatch","line":251,"loc":{"start":{"line":251,"column":4},"end":{"line":268,"column":4}}},"10":{"name":"setApprovalForAll","line":274,"loc":{"start":{"line":274,"column":4},"end":{"line":283,"column":4}}},"11":{"name":"isApprovedForAll","line":289,"loc":{"start":{"line":289,"column":4},"end":{"line":299,"column":4}}},"12":{"name":"balanceOf","line":306,"loc":{"start":{"line":306,"column":4},"end":{"line":313,"column":4}}},"13":{"name":"ownerOf","line":321,"loc":{"start":{"line":321,"column":4},"end":{"line":330,"column":4}}},"14":{"name":"safeTransferFrom","line":338,"loc":{"start":{"line":338,"column":4},"end":{"line":347,"column":4}}},"15":{"name":"safeTransferFrom","line":369,"loc":{"start":{"line":361,"column":4},"end":{"line":384,"column":4}}},"16":{"name":"transferFrom","line":403,"loc":{"start":{"line":396,"column":4},"end":{"line":418,"column":4}}},"17":{"name":"approve","line":426,"loc":{"start":{"line":426,"column":4},"end":{"line":438,"column":4}}},"18":{"name":"getApproved","line":444,"loc":{"start":{"line":444,"column":4},"end":{"line":452,"column":4}}},"19":{"name":"recordingTransferFrom","line":463,"loc":{"start":{"line":463,"column":4},"end":{"line":477,"column":4}}},"20":{"name":"recordingBalanceOf","line":482,"loc":{"start":{"line":482,"column":4},"end":{"line":491,"column":4}}},"21":{"name":"_updateHoldingTime","line":495,"loc":{"start":{"line":495,"column":4},"end":{"line":505,"column":4}}},"22":{"name":"_batchUpdateHoldingTime","line":507,"loc":{"start":{"line":507,"column":4},"end":{"line":517,"column":4}}},"23":{"name":"_updateRecordingHoldingTime","line":519,"loc":{"start":{"line":519,"column":4},"end":{"line":527,"column":4}}},"24":{"name":"_calcHoldingTime","line":531,"loc":{"start":{"line":531,"column":4},"end":{"line":557,"column":4}}},"25":{"name":"_calcRecordingHoldingTime","line":559,"loc":{"start":{"line":559,"column":4},"end":{"line":585,"column":4}}},"26":{"name":"_setTime","line":587,"loc":{"start":{"line":587,"column":4},"end":{"line":596,"column":4}}},"27":{"name":"_recordingTransferFrom","line":598,"loc":{"start":{"line":598,"column":4},"end":{"line":609,"column":4}}},"28":{"name":"_batchTransferFrom","line":611,"loc":{"start":{"line":611,"column":4},"end":{"line":643,"column":4}}},"29":{"name":"_mint","line":645,"loc":{"start":{"line":645,"column":4},"end":{"line":678,"column":4}}},"30":{"name":"_mintCopy","line":680,"loc":{"start":{"line":680,"column":4},"end":{"line":690,"column":4}}},"31":{"name":"_checkReceivable","line":692,"loc":{"start":{"line":692,"column":4},"end":{"line":712,"column":4}}},"32":{"name":"_checkERC1155Receivable","line":714,"loc":{"start":{"line":714,"column":4},"end":{"line":726,"column":4}}},"33":{"name":"_checkERC721Receivable","line":728,"loc":{"start":{"line":728,"column":4},"end":{"line":739,"column":4}}},"34":{"name":"_checkIsERC1155Receiver","line":741,"loc":{"start":{"line":741,"column":4},"end":{"line":751,"column":4}}},"35":{"name":"_checkBatchReceivable","line":753,"loc":{"start":{"line":753,"column":4},"end":{"line":766,"column":4}}},"36":{"name":"_ownerOf","line":768,"loc":{"start":{"line":768,"column":4},"end":{"line":774,"column":4}}},"37":{"name":"_transferFrom","line":776,"loc":{"start":{"line":776,"column":4},"end":{"line":803,"column":4}}}},"statementMap":{"1":{"start":{"line":65,"column":8},"end":{"line":65,"column":3237}},"2":{"start":{"line":84,"column":8},"end":{"line":84,"column":42}},"3":{"start":{"line":95,"column":8},"end":{"line":95,"column":44}},"4":{"start":{"line":108,"column":8},"end":{"line":108,"column":69}},"5":{"start":{"line":109,"column":8},"end":{"line":109,"column":65}},"6":{"start":{"line":110,"column":8},"end":{"line":110,"column":35}},"7":{"start":{"line":130,"column":8},"end":{"line":130,"column":5326}},"8":{"start":{"line":133,"column":12},"end":{"line":133,"column":23}},"9":{"start":{"line":135,"column":8},"end":{"line":135,"column":20}},"10":{"start":{"line":163,"column":8},"end":{"line":163,"column":60}},"11":{"start":{"line":164,"column":8},"end":{"line":164,"column":7129}},"12":{"start":{"line":165,"column":12},"end":{"line":165,"column":7174}},"13":{"start":{"line":166,"column":16},"end":{"line":166,"column":61}},"14":{"start":{"line":167,"column":16},"end":{"line":167,"column":60}},"15":{"start":{"line":169,"column":12},"end":{"line":169,"column":18}},"16":{"start":{"line":172,"column":8},"end":{"line":172,"column":7368}},"17":{"start":{"line":173,"column":11},"end":{"line":173,"column":45}},"18":{"start":{"line":174,"column":11},"end":{"line":174,"column":43}},"19":{"start":{"line":176,"column":8},"end":{"line":176,"column":50}},"20":{"start":{"line":178,"column":8},"end":{"line":178,"column":7566}},"21":{"start":{"line":179,"column":12},"end":{"line":179,"column":7633}},"22":{"start":{"line":208,"column":8},"end":{"line":208,"column":60}},"23":{"start":{"line":209,"column":8},"end":{"line":209,"column":78}},"24":{"start":{"line":210,"column":8},"end":{"line":210,"column":89}},"25":{"start":{"line":212,"column":8},"end":{"line":212,"column":48}},"26":{"start":{"line":213,"column":8},"end":{"line":213,"column":46}},"27":{"start":{"line":214,"column":8},"end":{"line":214,"column":69}},"28":{"start":{"line":216,"column":8},"end":{"line":216,"column":10066}},"29":{"start":{"line":217,"column":12},"end":{"line":217,"column":10138}},"30":{"start":{"line":238,"column":8},"end":{"line":238,"column":10696}},"31":{"start":{"line":239,"column":12},"end":{"line":239,"column":10753}},"32":{"start":{"line":240,"column":16},"end":{"line":240,"column":24}},"33":{"start":{"line":242,"column":16},"end":{"line":242,"column":24}},"34":{"start":{"line":244,"column":8},"end":{"line":244,"column":44}},"35":{"start":{"line":260,"column":8},"end":{"line":260,"column":80}},"36":{"start":{"line":262,"column":8},"end":{"line":262,"column":66}},"37":{"start":{"line":263,"column":8},"end":{"line":263,"column":11544}},"38":{"start":{"line":264,"column":12},"end":{"line":264,"column":61}},"39":{"start":{"line":267,"column":8},"end":{"line":267,"column":24}},"40":{"start":{"line":281,"column":8},"end":{"line":281,"column":61}},"41":{"start":{"line":282,"column":8},"end":{"line":282,"column":63}},"42":{"start":{"line":298,"column":8},"end":{"line":298,"column":51}},"43":{"start":{"line":312,"column":8},"end":{"line":312,"column":35}},"44":{"start":{"line":327,"column":8},"end":{"line":327,"column":42}},"45":{"start":{"line":328,"column":8},"end":{"line":328,"column":59}},"46":{"start":{"line":329,"column":8},"end":{"line":329,"column":20}},"47":{"start":{"line":346,"column":8},"end":{"line":346,"column":49}},"48":{"start":{"line":371,"column":8},"end":{"line":371,"column":57}},"49":{"start":{"line":372,"column":8},"end":{"line":372,"column":74}},"50":{"start":{"line":374,"column":8},"end":{"line":374,"column":15587}},"51":{"start":{"line":375,"column":11},"end":{"line":375,"column":45}},"52":{"start":{"line":376,"column":11},"end":{"line":376,"column":43}},"53":{"start":{"line":378,"column":8},"end":{"line":378,"column":45}},"54":{"start":{"line":380,"column":8},"end":{"line":380,"column":15788}},"55":{"start":{"line":381,"column":12},"end":{"line":381,"column":15855}},"56":{"start":{"line":405,"column":8},"end":{"line":405,"column":57}},"57":{"start":{"line":406,"column":8},"end":{"line":406,"column":74}},"58":{"start":{"line":408,"column":8},"end":{"line":408,"column":16914}},"59":{"start":{"line":409,"column":11},"end":{"line":409,"column":45}},"60":{"start":{"line":410,"column":11},"end":{"line":410,"column":43}},"61":{"start":{"line":412,"column":8},"end":{"line":412,"column":45}},"62":{"start":{"line":414,"column":8},"end":{"line":414,"column":17107}},"63":{"start":{"line":415,"column":12},"end":{"line":415,"column":17174}},"64":{"start":{"line":433,"column":8},"end":{"line":433,"column":44}},"65":{"start":{"line":434,"column":8},"end":{"line":434,"column":17844}},"66":{"start":{"line":436,"column":8},"end":{"line":436,"column":36}},"67":{"start":{"line":437,"column":8},"end":{"line":437,"column":43}},"68":{"start":{"line":450,"column":8},"end":{"line":450,"column":50}},"69":{"start":{"line":451,"column":8},"end":{"line":451,"column":38}},"70":{"start":{"line":471,"column":8},"end":{"line":471,"column":79}},"71":{"start":{"line":472,"column":8},"end":{"line":472,"column":57}},"72":{"start":{"line":474,"column":7},"end":{"line":474,"column":50}},"73":{"start":{"line":475,"column":7},"end":{"line":475,"column":48}},"74":{"start":{"line":476,"column":8},"end":{"line":476,"column":59}},"75":{"start":{"line":490,"column":8},"end":{"line":490,"column":51}},"76":{"start":{"line":501,"column":8},"end":{"line":501,"column":70}},"77":{"start":{"line":503,"column":8},"end":{"line":503,"column":75}},"78":{"start":{"line":504,"column":8},"end":{"line":504,"column":56}},"79":{"start":{"line":513,"column":8},"end":{"line":513,"column":20382}},"80":{"start":{"line":514,"column":12},"end":{"line":514,"column":20490}},"81":{"start":{"line":515,"column":15},"end":{"line":515,"column":54}},"82":{"start":{"line":525,"column":8},"end":{"line":525,"column":93}},"83":{"start":{"line":526,"column":8},"end":{"line":526,"column":65}},"84":{"start":{"line":539,"column":8},"end":{"line":539,"column":58}},"85":{"start":{"line":540,"column":8},"end":{"line":540,"column":69}},"86":{"start":{"line":541,"column":8},"end":{"line":541,"column":65}},"87":{"start":{"line":542,"column":8},"end":{"line":542,"column":53}},"88":{"start":{"line":544,"column":8},"end":{"line":544,"column":21373}},"89":{"start":{"line":545,"column":12},"end":{"line":545,"column":20}},"90":{"start":{"line":546,"column":8},"end":{"line":546,"column":21421}},"91":{"start":{"line":547,"column":12},"end":{"line":547,"column":20}},"92":{"start":{"line":548,"column":8},"end":{"line":548,"column":21503}},"93":{"start":{"line":549,"column":12},"end":{"line":549,"column":20}},"94":{"start":{"line":550,"column":8},"end":{"line":550,"column":21570}},"95":{"start":{"line":551,"column":12},"end":{"line":551,"column":31}},"96":{"start":{"line":553,"column":8},"end":{"line":553,"column":21664}},"97":{"start":{"line":554,"column":12},"end":{"line":554,"column":49}},"98":{"start":{"line":556,"column":12},"end":{"line":556,"column":57}},"99":{"start":{"line":567,"column":8},"end":{"line":567,"column":67}},"100":{"start":{"line":568,"column":8},"end":{"line":568,"column":69}},"101":{"start":{"line":569,"column":8},"end":{"line":569,"column":65}},"102":{"start":{"line":570,"column":8},"end":{"line":570,"column":62}},"103":{"start":{"line":572,"column":8},"end":{"line":572,"column":22225}},"104":{"start":{"line":573,"column":12},"end":{"line":573,"column":20}},"105":{"start":{"line":574,"column":8},"end":{"line":574,"column":22273}},"106":{"start":{"line":575,"column":12},"end":{"line":575,"column":20}},"107":{"start":{"line":576,"column":8},"end":{"line":576,"column":22355}},"108":{"start":{"line":577,"column":12},"end":{"line":577,"column":20}},"109":{"start":{"line":578,"column":8},"end":{"line":578,"column":22422}},"110":{"start":{"line":579,"column":12},"end":{"line":579,"column":31}},"111":{"start":{"line":581,"column":8},"end":{"line":581,"column":22516}},"112":{"start":{"line":582,"column":12},"end":{"line":582,"column":49}},"113":{"start":{"line":584,"column":12},"end":{"line":584,"column":57}},"114":{"start":{"line":594,"column":8},"end":{"line":594,"column":70}},"115":{"start":{"line":595,"column":8},"end":{"line":595,"column":45}},"116":{"start":{"line":606,"column":8},"end":{"line":606,"column":52}},"117":{"start":{"line":607,"column":8},"end":{"line":607,"column":50}},"118":{"start":{"line":608,"column":8},"end":{"line":608,"column":80}},"119":{"start":{"line":620,"column":8},"end":{"line":620,"column":22}},"120":{"start":{"line":622,"column":8},"end":{"line":622,"column":23488}},"121":{"start":{"line":623,"column":12},"end":{"line":623,"column":23553}},"122":{"start":{"line":624,"column":16},"end":{"line":624,"column":23595}},"123":{"start":{"line":625,"column":20},"end":{"line":625,"column":66}},"124":{"start":{"line":626,"column":20},"end":{"line":626,"column":83}},"125":{"start":{"line":627,"column":20},"end":{"line":627,"column":103}},"126":{"start":{"line":629,"column":20},"end":{"line":629,"column":49}},"127":{"start":{"line":630,"column":20},"end":{"line":630,"column":59}},"128":{"start":{"line":631,"column":20},"end":{"line":631,"column":59}},"129":{"start":{"line":633,"column":20},"end":{"line":633,"column":56}},"130":{"start":{"line":634,"column":20},"end":{"line":634,"column":65}},"131":{"start":{"line":635,"column":20},"end":{"line":635,"column":63}},"132":{"start":{"line":639,"column":8},"end":{"line":639,"column":36}},"133":{"start":{"line":640,"column":8},"end":{"line":640,"column":34}},"134":{"start":{"line":642,"column":8},"end":{"line":642,"column":72}},"135":{"start":{"line":655,"column":8},"end":{"line":655,"column":35}},"136":{"start":{"line":656,"column":8},"end":{"line":656,"column":24789}},"137":{"start":{"line":657,"column":12},"end":{"line":657,"column":31}},"138":{"start":{"line":659,"column":8},"end":{"line":659,"column":24823}},"139":{"start":{"line":660,"column":12},"end":{"line":660,"column":28}},"140":{"start":{"line":662,"column":12},"end":{"line":662,"column":42}},"141":{"start":{"line":663,"column":12},"end":{"line":663,"column":57}},"142":{"start":{"line":665,"column":12},"end":{"line":665,"column":53}},"143":{"start":{"line":668,"column":8},"end":{"line":668,"column":39}},"144":{"start":{"line":669,"column":8},"end":{"line":669,"column":52}},"145":{"start":{"line":671,"column":8},"end":{"line":671,"column":82}},"146":{"start":{"line":673,"column":8},"end":{"line":673,"column":25308}},"147":{"start":{"line":674,"column":12},"end":{"line":674,"column":25381}},"148":{"start":{"line":677,"column":8},"end":{"line":677,"column":22}},"149":{"start":{"line":687,"column":8},"end":{"line":687,"column":66}},"150":{"start":{"line":688,"column":8},"end":{"line":688,"column":57}},"151":{"start":{"line":689,"column":8},"end":{"line":689,"column":101}},"152":{"start":{"line":705,"column":8},"end":{"line":705,"column":26213}},"153":{"start":{"line":706,"column":12},"end":{"line":706,"column":26297}},"154":{"start":{"line":707,"column":16},"end":{"line":707,"column":85}},"155":{"start":{"line":709,"column":16},"end":{"line":709,"column":27}},"156":{"start":{"line":711,"column":8},"end":{"line":711,"column":86}},"157":{"start":{"line":725,"column":8},"end":{"line":725,"column":124}},"158":{"start":{"line":738,"column":8},"end":{"line":738,"column":108}},"159":{"start":{"line":745,"column":8},"end":{"line":745,"column":27451}},"160":{"start":{"line":747,"column":8},"end":{"line":747,"column":27531}},"161":{"start":{"line":748,"column":12},"end":{"line":748,"column":24}},"162":{"start":{"line":749,"column":8},"end":{"line":749,"column":46}},"163":{"start":{"line":750,"column":8},"end":{"line":750,"column":21}},"164":{"start":{"line":764,"column":8},"end":{"line":764,"column":27935}},"165":{"start":{"line":773,"column":8},"end":{"line":773,"column":35}},"166":{"start":{"line":785,"column":8},"end":{"line":785,"column":28384}},"167":{"start":{"line":786,"column":12},"end":{"line":786,"column":28429}},"168":{"start":{"line":787,"column":16},"end":{"line":787,"column":61}},"169":{"start":{"line":788,"column":16},"end":{"line":788,"column":41}},"170":{"start":{"line":791,"column":16},"end":{"line":791,"column":51}},"171":{"start":{"line":793,"column":16},"end":{"line":793,"column":51}},"172":{"start":{"line":796,"column":12},"end":{"line":796,"column":28798}},"173":{"start":{"line":797,"column":16},"end":{"line":797,"column":53}},"174":{"start":{"line":798,"column":16},"end":{"line":798,"column":51}},"175":{"start":{"line":802,"column":8},"end":{"line":802,"column":71}}},"branchMap":{"1":{"line":65,"type":"if","locations":[{"start":{"line":65,"column":8},"end":{"line":65,"column":8}},{"start":{"line":65,"column":8},"end":{"line":65,"column":8}}]},"2":{"line":130,"type":"if","locations":[{"start":{"line":130,"column":8},"end":{"line":130,"column":8}},{"start":{"line":130,"column":8},"end":{"line":130,"column":8}}]},"3":{"line":163,"type":"if","locations":[{"start":{"line":163,"column":8},"end":{"line":163,"column":8}},{"start":{"line":163,"column":8},"end":{"line":163,"column":8}}]},"4":{"line":164,"type":"if","locations":[{"start":{"line":164,"column":8},"end":{"line":164,"column":8}},{"start":{"line":164,"column":8},"end":{"line":164,"column":8}}]},"5":{"line":165,"type":"if","locations":[{"start":{"line":165,"column":12},"end":{"line":165,"column":12}},{"start":{"line":165,"column":12},"end":{"line":165,"column":12}}]},"6":{"line":166,"type":"if","locations":[{"start":{"line":166,"column":16},"end":{"line":166,"column":16}},{"start":{"line":166,"column":16},"end":{"line":166,"column":16}}]},"7":{"line":172,"type":"if","locations":[{"start":{"line":172,"column":8},"end":{"line":172,"column":8}},{"start":{"line":172,"column":8},"end":{"line":172,"column":8}}]},"8":{"line":178,"type":"if","locations":[{"start":{"line":178,"column":8},"end":{"line":178,"column":8}},{"start":{"line":178,"column":8},"end":{"line":178,"column":8}}]},"9":{"line":179,"type":"if","locations":[{"start":{"line":179,"column":12},"end":{"line":179,"column":12}},{"start":{"line":179,"column":12},"end":{"line":179,"column":12}}]},"10":{"line":208,"type":"if","locations":[{"start":{"line":208,"column":8},"end":{"line":208,"column":8}},{"start":{"line":208,"column":8},"end":{"line":208,"column":8}}]},"11":{"line":209,"type":"if","locations":[{"start":{"line":209,"column":8},"end":{"line":209,"column":8}},{"start":{"line":209,"column":8},"end":{"line":209,"column":8}}]},"12":{"line":216,"type":"if","locations":[{"start":{"line":216,"column":8},"end":{"line":216,"column":8}},{"start":{"line":216,"column":8},"end":{"line":216,"column":8}}]},"13":{"line":217,"type":"if","locations":[{"start":{"line":217,"column":12},"end":{"line":217,"column":12}},{"start":{"line":217,"column":12},"end":{"line":217,"column":12}}]},"14":{"line":238,"type":"if","locations":[{"start":{"line":238,"column":8},"end":{"line":238,"column":8}},{"start":{"line":238,"column":8},"end":{"line":238,"column":8}}]},"15":{"line":239,"type":"if","locations":[{"start":{"line":239,"column":12},"end":{"line":239,"column":12}},{"start":{"line":239,"column":12},"end":{"line":239,"column":12}}]},"16":{"line":260,"type":"if","locations":[{"start":{"line":260,"column":8},"end":{"line":260,"column":8}},{"start":{"line":260,"column":8},"end":{"line":260,"column":8}}]},"17":{"line":328,"type":"if","locations":[{"start":{"line":328,"column":8},"end":{"line":328,"column":8}},{"start":{"line":328,"column":8},"end":{"line":328,"column":8}}]},"18":{"line":371,"type":"if","locations":[{"start":{"line":371,"column":8},"end":{"line":371,"column":8}},{"start":{"line":371,"column":8},"end":{"line":371,"column":8}}]},"19":{"line":372,"type":"if","locations":[{"start":{"line":372,"column":8},"end":{"line":372,"column":8}},{"start":{"line":372,"column":8},"end":{"line":372,"column":8}}]},"20":{"line":374,"type":"if","locations":[{"start":{"line":374,"column":8},"end":{"line":374,"column":8}},{"start":{"line":374,"column":8},"end":{"line":374,"column":8}}]},"21":{"line":380,"type":"if","locations":[{"start":{"line":380,"column":8},"end":{"line":380,"column":8}},{"start":{"line":380,"column":8},"end":{"line":380,"column":8}}]},"22":{"line":381,"type":"if","locations":[{"start":{"line":381,"column":12},"end":{"line":381,"column":12}},{"start":{"line":381,"column":12},"end":{"line":381,"column":12}}]},"23":{"line":405,"type":"if","locations":[{"start":{"line":405,"column":8},"end":{"line":405,"column":8}},{"start":{"line":405,"column":8},"end":{"line":405,"column":8}}]},"24":{"line":406,"type":"if","locations":[{"start":{"line":406,"column":8},"end":{"line":406,"column":8}},{"start":{"line":406,"column":8},"end":{"line":406,"column":8}}]},"25":{"line":408,"type":"if","locations":[{"start":{"line":408,"column":8},"end":{"line":408,"column":8}},{"start":{"line":408,"column":8},"end":{"line":408,"column":8}}]},"26":{"line":414,"type":"if","locations":[{"start":{"line":414,"column":8},"end":{"line":414,"column":8}},{"start":{"line":414,"column":8},"end":{"line":414,"column":8}}]},"27":{"line":415,"type":"if","locations":[{"start":{"line":415,"column":12},"end":{"line":415,"column":12}},{"start":{"line":415,"column":12},"end":{"line":415,"column":12}}]},"28":{"line":434,"type":"if","locations":[{"start":{"line":434,"column":8},"end":{"line":434,"column":8}},{"start":{"line":434,"column":8},"end":{"line":434,"column":8}}]},"29":{"line":450,"type":"if","locations":[{"start":{"line":450,"column":8},"end":{"line":450,"column":8}},{"start":{"line":450,"column":8},"end":{"line":450,"column":8}}]},"30":{"line":471,"type":"if","locations":[{"start":{"line":471,"column":8},"end":{"line":471,"column":8}},{"start":{"line":471,"column":8},"end":{"line":471,"column":8}}]},"31":{"line":472,"type":"if","locations":[{"start":{"line":472,"column":8},"end":{"line":472,"column":8}},{"start":{"line":472,"column":8},"end":{"line":472,"column":8}}]},"32":{"line":501,"type":"if","locations":[{"start":{"line":501,"column":8},"end":{"line":501,"column":8}},{"start":{"line":501,"column":8},"end":{"line":501,"column":8}}]},"33":{"line":514,"type":"if","locations":[{"start":{"line":514,"column":12},"end":{"line":514,"column":12}},{"start":{"line":514,"column":12},"end":{"line":514,"column":12}}]},"34":{"line":544,"type":"if","locations":[{"start":{"line":544,"column":8},"end":{"line":544,"column":8}},{"start":{"line":544,"column":8},"end":{"line":544,"column":8}}]},"35":{"line":546,"type":"if","locations":[{"start":{"line":546,"column":8},"end":{"line":546,"column":8}},{"start":{"line":546,"column":8},"end":{"line":546,"column":8}}]},"36":{"line":548,"type":"if","locations":[{"start":{"line":548,"column":8},"end":{"line":548,"column":8}},{"start":{"line":548,"column":8},"end":{"line":548,"column":8}}]},"37":{"line":550,"type":"if","locations":[{"start":{"line":550,"column":8},"end":{"line":550,"column":8}},{"start":{"line":550,"column":8},"end":{"line":550,"column":8}}]},"38":{"line":553,"type":"if","locations":[{"start":{"line":553,"column":8},"end":{"line":553,"column":8}},{"start":{"line":553,"column":8},"end":{"line":553,"column":8}}]},"39":{"line":572,"type":"if","locations":[{"start":{"line":572,"column":8},"end":{"line":572,"column":8}},{"start":{"line":572,"column":8},"end":{"line":572,"column":8}}]},"40":{"line":574,"type":"if","locations":[{"start":{"line":574,"column":8},"end":{"line":574,"column":8}},{"start":{"line":574,"column":8},"end":{"line":574,"column":8}}]},"41":{"line":576,"type":"if","locations":[{"start":{"line":576,"column":8},"end":{"line":576,"column":8}},{"start":{"line":576,"column":8},"end":{"line":576,"column":8}}]},"42":{"line":578,"type":"if","locations":[{"start":{"line":578,"column":8},"end":{"line":578,"column":8}},{"start":{"line":578,"column":8},"end":{"line":578,"column":8}}]},"43":{"line":581,"type":"if","locations":[{"start":{"line":581,"column":8},"end":{"line":581,"column":8}},{"start":{"line":581,"column":8},"end":{"line":581,"column":8}}]},"44":{"line":623,"type":"if","locations":[{"start":{"line":623,"column":12},"end":{"line":623,"column":12}},{"start":{"line":623,"column":12},"end":{"line":623,"column":12}}]},"45":{"line":624,"type":"if","locations":[{"start":{"line":624,"column":16},"end":{"line":624,"column":16}},{"start":{"line":624,"column":16},"end":{"line":624,"column":16}}]},"46":{"line":625,"type":"if","locations":[{"start":{"line":625,"column":20},"end":{"line":625,"column":20}},{"start":{"line":625,"column":20},"end":{"line":625,"column":20}}]},"47":{"line":626,"type":"if","locations":[{"start":{"line":626,"column":20},"end":{"line":626,"column":20}},{"start":{"line":626,"column":20},"end":{"line":626,"column":20}}]},"48":{"line":627,"type":"if","locations":[{"start":{"line":627,"column":20},"end":{"line":627,"column":20}},{"start":{"line":627,"column":20},"end":{"line":627,"column":20}}]},"49":{"line":633,"type":"if","locations":[{"start":{"line":633,"column":20},"end":{"line":633,"column":20}},{"start":{"line":633,"column":20},"end":{"line":633,"column":20}}]},"50":{"line":656,"type":"if","locations":[{"start":{"line":656,"column":8},"end":{"line":656,"column":8}},{"start":{"line":656,"column":8},"end":{"line":656,"column":8}}]},"51":{"line":659,"type":"if","locations":[{"start":{"line":659,"column":8},"end":{"line":659,"column":8}},{"start":{"line":659,"column":8},"end":{"line":659,"column":8}}]},"52":{"line":673,"type":"if","locations":[{"start":{"line":673,"column":8},"end":{"line":673,"column":8}},{"start":{"line":673,"column":8},"end":{"line":673,"column":8}}]},"53":{"line":674,"type":"if","locations":[{"start":{"line":674,"column":12},"end":{"line":674,"column":12}},{"start":{"line":674,"column":12},"end":{"line":674,"column":12}}]},"54":{"line":705,"type":"if","locations":[{"start":{"line":705,"column":8},"end":{"line":705,"column":8}},{"start":{"line":705,"column":8},"end":{"line":705,"column":8}}]},"55":{"line":706,"type":"if","locations":[{"start":{"line":706,"column":12},"end":{"line":706,"column":12}},{"start":{"line":706,"column":12},"end":{"line":706,"column":12}}]},"56":{"line":747,"type":"if","locations":[{"start":{"line":747,"column":8},"end":{"line":747,"column":8}},{"start":{"line":747,"column":8},"end":{"line":747,"column":8}}]},"57":{"line":785,"type":"if","locations":[{"start":{"line":785,"column":8},"end":{"line":785,"column":8}},{"start":{"line":785,"column":8},"end":{"line":785,"column":8}}]},"58":{"line":786,"type":"if","locations":[{"start":{"line":786,"column":12},"end":{"line":786,"column":12}},{"start":{"line":786,"column":12},"end":{"line":786,"column":12}}]},"59":{"line":787,"type":"if","locations":[{"start":{"line":787,"column":16},"end":{"line":787,"column":16}},{"start":{"line":787,"column":16},"end":{"line":787,"column":16}}]},"60":{"line":796,"type":"if","locations":[{"start":{"line":796,"column":12},"end":{"line":796,"column":12}},{"start":{"line":796,"column":12},"end":{"line":796,"column":12}}]}}},
"contracts/ERC1155ERC721Metadata.sol":{"l":{"31":13,"33":2,"35":11,"49":6,"59":1,"69":1,"82":4,"83":3,"92":6},"path":"/Users/billhsu/Desktop/work/github/AR-Factory/contracts/ERC1155ERC721Metadata.sol","s":{"1":13,"2":2,"3":11,"4":6,"5":1,"6":1,"7":4,"8":3,"9":6},"b":{"1":[2,11],"2":[3,1]},"f":{"1":13,"2":6,"3":1,"4":1,"5":4,"6":6},"fnMap":{"1":{"name":"supportsInterface","line":22,"loc":{"start":{"line":22,"column":4},"end":{"line":37,"column":4}}},"2":{"name":"uri","line":43,"loc":{"start":{"line":43,"column":4},"end":{"line":50,"column":4}}},"3":{"name":"name","line":53,"loc":{"start":{"line":53,"column":4},"end":{"line":60,"column":4}}},"4":{"name":"symbol","line":63,"loc":{"start":{"line":63,"column":4},"end":{"line":70,"column":4}}},"5":{"name":"tokenURI","line":76,"loc":{"start":{"line":76,"column":4},"end":{"line":84,"column":4}}},"6":{"name":"_setTokenURI","line":86,"loc":{"start":{"line":86,"column":4},"end":{"line":93,"column":4}}}},"statementMap":{"1":{"start":{"line":31,"column":8},"end":{"line":31,"column":1059}},"2":{"start":{"line":33,"column":12},"end":{"line":33,"column":23}},"3":{"start":{"line":35,"column":12},"end":{"line":35,"column":56}},"4":{"start":{"line":49,"column":7},"end":{"line":49,"column":33}},"5":{"start":{"line":59,"column":8},"end":{"line":59,"column":22}},"6":{"start":{"line":69,"column":8},"end":{"line":69,"column":22}},"7":{"start":{"line":82,"column":8},"end":{"line":82,"column":67}},"8":{"start":{"line":83,"column":8},"end":{"line":83,"column":34}},"9":{"start":{"line":92,"column":8},"end":{"line":92,"column":33}}},"branchMap":{"1":{"line":31,"type":"if","locations":[{"start":{"line":31,"column":8},"end":{"line":31,"column":8}},{"start":{"line":31,"column":8},"end":{"line":31,"column":8}}]},"2":{"line":82,"type":"if","locations":[{"start":{"line":82,"column":8},"end":{"line":82,"column":8}},{"start":{"line":82,"column":8},"end":{"line":82,"column":8}}]}}},
"contracts/ERC1155ERC721WithAdapter.sol":{"l":{"22":627,"33":2,"45":23,"62":8,"64":8,"65":2,"66":2,"68":8,"70":7,"71":1,"88":56,"89":53,"90":53,"91":11,"103":18,"104":18,"110":31,"111":31,"112":31,"113":31,"122":31,"123":31,"145":32,"146":31,"147":31,"157":18,"158":18,"159":18,"160":18,"168":2,"177":12,"189":2,"200":8,"201":7,"202":7,"214":4,"216":3,"217":2,"218":2,"230":7,"232":6,"233":5,"244":11,"246":11,"256":9,"257":9,"267":8,"268":7},"path":"/Users/billhsu/Desktop/work/github/AR-Factory/contracts/ERC1155ERC721WithAdapter.sol","s":{"1":627,"2":2,"3":23,"4":8,"5":8,"6":2,"7":2,"8":8,"9":7,"10":1,"11":56,"12":53,"13":53,"14":11,"15":18,"16":18,"17":31,"18":31,"19":31,"20":31,"21":31,"22":32,"23":31,"24":31,"25":18,"26":18,"27":18,"28":18,"29":2,"30":12,"31":2,"32":8,"33":7,"34":7,"35":4,"36":3,"37":2,"38":2,"39":7,"40":6,"41":5,"42":11,"43":11,"44":9,"45":9,"46":8,"47":7},"b":{"1":[8,0],"2":[2,6],"3":[1,6],"4":[1,0],"5":[11,42],"6":[31,1],"7":[18,0],"8":[7,1],"9":[3,1],"10":[6,1],"11":[11,0]},"f":{"1":627,"2":2,"3":23,"4":8,"5":56,"6":18,"7":31,"8":31,"9":32,"10":18,"11":2,"12":12,"13":2,"14":8,"15":4,"16":7,"17":11,"18":9,"19":8},"fnMap":{"1":{"name":"constructor","line":21,"loc":{"start":{"line":21,"column":4},"end":{"line":23,"column":4}}},"2":{"name":"totalSupply","line":28,"loc":{"start":{"line":28,"column":4},"end":{"line":34,"column":4}}},"3":{"name":"getAdapter","line":40,"loc":{"start":{"line":40,"column":4},"end":{"line":46,"column":4}}},"4":{"name":"transferByAdapter","line":54,"loc":{"start":{"line":54,"column":4},"end":{"line":76,"column":4}}},"5":{"name":"_transferFrom","line":78,"loc":{"start":{"line":78,"column":4},"end":{"line":92,"column":4}}},"6":{"name":"_setERC20Attribute","line":95,"loc":{"start":{"line":95,"column":4},"end":{"line":105,"column":4}}},"7":{"name":"_createAdapter","line":107,"loc":{"start":{"line":107,"column":4},"end":{"line":114,"column":4}}},"8":{"name":"_createClone","line":118,"loc":{"start":{"line":118,"column":4},"end":{"line":130,"column":4}}},"9":{"name":"initialize","line":142,"loc":{"start":{"line":142,"column":4},"end":{"line":148,"column":4}}},"10":{"name":"setAttribute","line":150,"loc":{"start":{"line":150,"column":4},"end":{"line":161,"column":4}}},"11":{"name":"totalSupply","line":162,"loc":{"start":{"line":162,"column":4},"end":{"line":169,"column":4}}},"12":{"name":"balanceOf","line":171,"loc":{"start":{"line":171,"column":4},"end":{"line":178,"column":4}}},"13":{"name":"allowance","line":180,"loc":{"start":{"line":180,"column":4},"end":{"line":190,"column":4}}},"14":{"name":"approve","line":192,"loc":{"start":{"line":192,"column":4},"end":{"line":203,"column":4}}},"15":{"name":"transferFrom","line":205,"loc":{"start":{"line":205,"column":4},"end":{"line":219,"column":4}}},"16":{"name":"transfer","line":222,"loc":{"start":{"line":222,"column":4},"end":{"line":234,"column":4}}},"17":{"name":"emitTransfer","line":236,"loc":{"start":{"line":236,"column":4},"end":{"line":247,"column":4}}},"18":{"name":"_approve","line":249,"loc":{"start":{"line":249,"column":4},"end":{"line":258,"column":4}}},"19":{"name":"_transfer","line":260,"loc":{"start":{"line":260,"column":4},"end":{"line":269,"column":4}}}},"statementMap":{"1":{"start":{"line":22,"column":8},"end":{"line":22,"column":45}},"2":{"start":{"line":33,"column":8},"end":{"line":33,"column":37}},"3":{"start":{"line":45,"column":8},"end":{"line":45,"column":34}},"4":{"start":{"line":62,"column":8},"end":{"line":62,"column":64}},"5":{"start":{"line":64,"column":8},"end":{"line":64,"column":1843}},"6":{"start":{"line":65,"column":12},"end":{"line":65,"column":46}},"7":{"start":{"line":66,"column":12},"end":{"line":66,"column":44}},"8":{"start":{"line":68,"column":8},"end":{"line":68,"column":50}},"9":{"start":{"line":70,"column":8},"end":{"line":70,"column":2043}},"10":{"start":{"line":71,"column":12},"end":{"line":71,"column":2083}},"11":{"start":{"line":88,"column":8},"end":{"line":88,"column":56}},"12":{"start":{"line":89,"column":8},"end":{"line":89,"column":45}},"13":{"start":{"line":90,"column":8},"end":{"line":90,"column":2604}},"14":{"start":{"line":91,"column":12},"end":{"line":91,"column":65}},"15":{"start":{"line":103,"column":8},"end":{"line":103,"column":45}},"16":{"start":{"line":104,"column":8},"end":{"line":104,"column":68}},"17":{"start":{"line":110,"column":8},"end":{"line":110,"column":48}},"18":{"start":{"line":111,"column":8},"end":{"line":111,"column":36}},"19":{"start":{"line":112,"column":8},"end":{"line":112,"column":49}},"20":{"start":{"line":113,"column":8},"end":{"line":113,"column":42}},"21":{"start":{"line":122,"column":8},"end":{"line":122,"column":45}},"22":{"start":{"line":145,"column":8},"end":{"line":145,"column":68}},"23":{"start":{"line":146,"column":8},"end":{"line":146,"column":52}},"24":{"start":{"line":147,"column":8},"end":{"line":147,"column":25}},"25":{"start":{"line":157,"column":8},"end":{"line":157,"column":59}},"26":{"start":{"line":158,"column":8},"end":{"line":158,"column":19}},"27":{"start":{"line":159,"column":8},"end":{"line":159,"column":23}},"28":{"start":{"line":160,"column":8},"end":{"line":160,"column":27}},"29":{"start":{"line":168,"column":8},"end":{"line":168,"column":42}},"30":{"start":{"line":177,"column":8},"end":{"line":177,"column":47}},"31":{"start":{"line":189,"column":8},"end":{"line":189,"column":44}},"32":{"start":{"line":200,"column":8},"end":{"line":200,"column":65}},"33":{"start":{"line":201,"column":8},"end":{"line":201,"column":45}},"34":{"start":{"line":202,"column":8},"end":{"line":202,"column":19}},"35":{"start":{"line":214,"column":8},"end":{"line":214,"column":57}},"36":{"start":{"line":216,"column":8},"end":{"line":216,"column":75}},"37":{"start":{"line":217,"column":8},"end":{"line":217,"column":36}},"38":{"start":{"line":218,"column":8},"end":{"line":218,"column":19}},"39":{"start":{"line":230,"column":8},"end":{"line":230,"column":57}},"40":{"start":{"line":232,"column":8},"end":{"line":232,"column":41}},"41":{"start":{"line":233,"column":8},"end":{"line":233,"column":19}},"42":{"start":{"line":244,"column":8},"end":{"line":244,"column":59}},"43":{"start":{"line":246,"column":8},"end":{"line":246,"column":41}},"44":{"start":{"line":256,"column":8},"end":{"line":256,"column":45}},"45":{"start":{"line":257,"column":8},"end":{"line":257,"column":47}},"46":{"start":{"line":267,"column":8},"end":{"line":267,"column":60}},"47":{"start":{"line":268,"column":8},"end":{"line":268,"column":41}}},"branchMap":{"1":{"line":62,"type":"if","locations":[{"start":{"line":62,"column":8},"end":{"line":62,"column":8}},{"start":{"line":62,"column":8},"end":{"line":62,"column":8}}]},"2":{"line":64,"type":"if","locations":[{"start":{"line":64,"column":8},"end":{"line":64,"column":8}},{"start":{"line":64,"column":8},"end":{"line":64,"column":8}}]},"3":{"line":70,"type":"if","locations":[{"start":{"line":70,"column":8},"end":{"line":70,"column":8}},{"start":{"line":70,"column":8},"end":{"line":70,"column":8}}]},"4":{"line":71,"type":"if","locations":[{"start":{"line":71,"column":12},"end":{"line":71,"column":12}},{"start":{"line":71,"column":12},"end":{"line":71,"column":12}}]},"5":{"line":90,"type":"if","locations":[{"start":{"line":90,"column":8},"end":{"line":90,"column":8}},{"start":{"line":90,"column":8},"end":{"line":90,"column":8}}]},"6":{"line":145,"type":"if","locations":[{"start":{"line":145,"column":8},"end":{"line":145,"column":8}},{"start":{"line":145,"column":8},"end":{"line":145,"column":8}}]},"7":{"line":157,"type":"if","locations":[{"start":{"line":157,"column":8},"end":{"line":157,"column":8}},{"start":{"line":157,"column":8},"end":{"line":157,"column":8}}]},"8":{"line":200,"type":"if","locations":[{"start":{"line":200,"column":8},"end":{"line":200,"column":8}},{"start":{"line":200,"column":8},"end":{"line":200,"column":8}}]},"9":{"line":214,"type":"if","locations":[{"start":{"line":214,"column":8},"end":{"line":214,"column":8}},{"start":{"line":214,"column":8},"end":{"line":214,"column":8}}]},"10":{"line":230,"type":"if","locations":[{"start":{"line":230,"column":8},"end":{"line":230,"column":8}},{"start":{"line":230,"column":8},"end":{"line":230,"column":8}}]},"11":{"line":244,"type":"if","locations":[{"start":{"line":244,"column":8},"end":{"line":244,"column":8}},{"start":{"line":244,"column":8},"end":{"line":244,"column":8}}]}}},
"contracts/InvoiceFactoryUpgrade.sol":{"l":{"51":91,"52":83,"56":21,"57":21,"61":17,"62":15,"66":63,"67":60,"71":36,"72":35,"73":35,"101":177,"102":177,"103":177,"104":177,"105":177,"106":177,"117":2,"119":2,"120":2,"122":2,"130":2,"131":2,"139":6,"147":2,"168":3,"193":3,"210":3,"221":3,"232":1,"241":1,"250":4,"263":26,"265":25,"266":25,"267":25,"268":25,"279":25,"281":24,"282":24,"283":24,"284":24,"295":5,"297":4,"298":4,"299":4,"300":4,"311":2,"313":2,"314":2,"315":2,"326":15,"328":14,"329":14,"341":26,"342":26,"352":26,"353":26,"383":20,"393":20,"394":20,"396":19,"420":19,"434":19,"435":19,"436":19,"464":21,"488":14,"489":13,"491":12,"500":12,"501":12,"502":12,"504":12,"520":8,"521":7,"542":4,"548":3,"549":2,"551":3,"552":1,"554":3,"555":3,"556":3,"565":760,"574":0,"583":0},"path":"/Users/billhsu/Desktop/work/github/AR-Factory/contracts/InvoiceFactoryUpgrade.sol","s":{"1":91,"2":21,"3":17,"4":63,"5":36,"6":35,"7":177,"8":177,"9":177,"10":177,"11":177,"12":177,"13":2,"14":2,"15":2,"16":2,"17":2,"18":2,"19":6,"20":2,"21":3,"22":3,"23":3,"24":3,"25":1,"26":1,"27":4,"28":26,"29":25,"30":25,"31":25,"32":25,"33":25,"34":24,"35":24,"36":24,"37":24,"38":5,"39":4,"40":4,"41":4,"42":4,"43":2,"44":2,"45":2,"46":2,"47":15,"48":14,"49":14,"50":26,"51":26,"52":26,"53":26,"54":20,"55":20,"56":20,"57":19,"58":19,"59":19,"60":19,"61":19,"62":21,"63":14,"64":13,"65":12,"66":12,"67":12,"68":12,"69":12,"70":8,"71":7,"72":4,"73":3,"74":2,"75":3,"76":1,"77":3,"78":3,"79":3,"80":760,"81":0,"82":0},"b":{"1":[83,8],"2":[21,0],"3":[15,2],"4":[60,3],"5":[35,1],"6":[35,0],"7":[2,0],"8":[2,0],"9":[2,0],"10":[25,1],"11":[25,0],"12":[24,1],"13":[24,0],"14":[4,1],"15":[4,0],"16":[2,0],"17":[14,1],"18":[19,1],"19":[13,1],"20":[12,1],"21":[7,1],"22":[3,1],"23":[2,1],"24":[1,2],"25":[3,0]},"f":{"1":91,"2":21,"3":17,"4":63,"5":36,"6":177,"7":2,"8":2,"9":6,"10":2,"11":3,"12":3,"13":3,"14":3,"15":1,"16":1,"17":4,"18":26,"19":25,"20":5,"21":2,"22":15,"23":26,"24":26,"25":20,"26":19,"27":21,"28":14,"29":8,"30":4,"31":760,"32":0,"33":0},"fnMap":{"1":{"name":"onlyAdmin","line":49,"loc":{"start":{"line":49,"column":4},"end":{"line":53,"column":4}}},"2":{"name":"onlySupplier","line":55,"loc":{"start":{"line":55,"column":4},"end":{"line":58,"column":4}}},"3":{"name":"onlyAnchor","line":60,"loc":{"start":{"line":60,"column":4},"end":{"line":63,"column":4}}},"4":{"name":"onlyTrust","line":65,"loc":{"start":{"line":65,"column":4},"end":{"line":68,"column":4}}},"5":{"name":"checkTrustVerified","line":70,"loc":{"start":{"line":70,"column":4},"end":{"line":74,"column":4}}},"6":{"name":"__initialize","line":99,"loc":{"start":{"line":91,"column":4},"end":{"line":107,"column":4}}},"7":{"name":"queryInvoiceId","line":116,"loc":{"start":{"line":116,"column":4},"end":{"line":123,"column":4}}},"8":{"name":"queryTokenId","line":129,"loc":{"start":{"line":129,"column":4},"end":{"line":132,"column":4}}},"9":{"name":"queryAnchorVerified","line":138,"loc":{"start":{"line":138,"column":4},"end":{"line":140,"column":4}}},"10":{"name":"querySupplierVerified","line":146,"loc":{"start":{"line":146,"column":4},"end":{"line":148,"column":4}}},"11":{"name":"queryInvoice","line":159,"loc":{"start":{"line":159,"column":4},"end":{"line":177,"column":4}}},"12":{"name":"queryInvoiceData","line":185,"loc":{"start":{"line":185,"column":4},"end":{"line":200,"column":4}}},"13":{"name":"isAnchor","line":205,"loc":{"start":{"line":205,"column":4},"end":{"line":211,"column":4}}},"14":{"name":"isSupplier","line":216,"loc":{"start":{"line":216,"column":4},"end":{"line":222,"column":4}}},"15":{"name":"updateTrustAddress","line":230,"loc":{"start":{"line":228,"column":4},"end":{"line":233,"column":4}}},"16":{"name":"updateTokenFactory","line":239,"loc":{"start":{"line":237,"column":4},"end":{"line":242,"column":4}}},"17":{"name":"updateWhitelist","line":248,"loc":{"start":{"line":246,"column":4},"end":{"line":251,"column":4}}},"18":{"name":"enrollAnchor","line":261,"loc":{"start":{"line":259,"column":4},"end":{"line":269,"column":4}}},"19":{"name":"enrollSupplier","line":277,"loc":{"start":{"line":275,"column":4},"end":{"line":285,"column":4}}},"20":{"name":"enrollAdmin","line":293,"loc":{"start":{"line":291,"column":4},"end":{"line":301,"column":4}}},"21":{"name":"removeAdmin","line":309,"loc":{"start":{"line":307,"column":4},"end":{"line":316,"column":4}}},"22":{"name":"anchorVerifyInvoice","line":324,"loc":{"start":{"line":321,"column":4},"end":{"line":330,"column":4}}},"23":{"name":"trustVerifyAnchor","line":339,"loc":{"start":{"line":337,"column":4},"end":{"line":343,"column":4}}},"24":{"name":"trustVerifySupplier","line":350,"loc":{"start":{"line":348,"column":4},"end":{"line":354,"column":4}}},"25":{"name":"uploadInvoice","line":381,"loc":{"start":{"line":369,"column":4},"end":{"line":406,"column":4}}},"26":{"name":"_uploadInvoice","line":408,"loc":{"start":{"line":408,"column":4},"end":{"line":437,"column":4}}},"27":{"name":"uploadPreSignedHash","line":449,"loc":{"start":{"line":449,"column":4},"end":{"line":477,"column":4}}},"28":{"name":"invoiceToToken","line":486,"loc":{"start":{"line":484,"column":4},"end":{"line":505,"column":4}}},"29":{"name":"setTimeInterval","line":518,"loc":{"start":{"line":512,"column":4},"end":{"line":526,"column":4}}},"30":{"name":"restoreAccount","line":540,"loc":{"start":{"line":535,"column":4},"end":{"line":557,"column":4}}},"31":{"name":"_msgSender","line":559,"loc":{"start":{"line":559,"column":4},"end":{"line":566,"column":4}}},"32":{"name":"_msgData","line":568,"loc":{"start":{"line":568,"column":4},"end":{"line":575,"column":4}}},"33":{"name":"versionRecipient","line":577,"loc":{"start":{"line":577,"column":4},"end":{"line":584,"column":4}}}},"statementMap":{"1":{"start":{"line":51,"column":8},"end":{"line":51,"column":90}},"2":{"start":{"line":56,"column":8},"end":{"line":56,"column":88}},"3":{"start":{"line":61,"column":8},"end":{"line":61,"column":84}},"4":{"start":{"line":66,"column":8},"end":{"line":66,"column":68}},"5":{"start":{"line":71,"column":8},"end":{"line":71,"column":77}},"6":{"start":{"line":72,"column":8},"end":{"line":72,"column":83}},"7":{"start":{"line":101,"column":8},"end":{"line":101,"column":51}},"8":{"start":{"line":102,"column":8},"end":{"line":102,"column":35}},"9":{"start":{"line":103,"column":8},"end":{"line":103,"column":43}},"10":{"start":{"line":104,"column":8},"end":{"line":104,"column":27}},"11":{"start":{"line":105,"column":8},"end":{"line":105,"column":50}},"12":{"start":{"line":106,"column":8},"end":{"line":106,"column":41}},"13":{"start":{"line":117,"column":8},"end":{"line":117,"column":46}},"14":{"start":{"line":119,"column":8},"end":{"line":119,"column":57}},"15":{"start":{"line":120,"column":8},"end":{"line":120,"column":79}},"16":{"start":{"line":122,"column":8},"end":{"line":122,"column":44}},"17":{"start":{"line":130,"column":8},"end":{"line":130,"column":69}},"18":{"start":{"line":131,"column":8},"end":{"line":131,"column":46}},"19":{"start":{"line":139,"column":8},"end":{"line":139,"column":39}},"20":{"start":{"line":147,"column":8},"end":{"line":147,"column":43}},"21":{"start":{"line":168,"column":8},"end":{"line":168,"column":6619}},"22":{"start":{"line":193,"column":8},"end":{"line":193,"column":7476}},"23":{"start":{"line":210,"column":8},"end":{"line":210,"column":44}},"24":{"start":{"line":221,"column":8},"end":{"line":221,"column":48}},"25":{"start":{"line":232,"column":8},"end":{"line":232,"column":31}},"26":{"start":{"line":241,"column":8},"end":{"line":241,"column":53}},"27":{"start":{"line":250,"column":8},"end":{"line":250,"column":44}},"28":{"start":{"line":263,"column":8},"end":{"line":263,"column":82}},"29":{"start":{"line":265,"column":8},"end":{"line":265,"column":9643}},"30":{"start":{"line":266,"column":12},"end":{"line":266,"column":45}},"31":{"start":{"line":267,"column":8},"end":{"line":267,"column":41}},"32":{"start":{"line":268,"column":8},"end":{"line":268,"column":37}},"33":{"start":{"line":279,"column":8},"end":{"line":279,"column":86}},"34":{"start":{"line":281,"column":8},"end":{"line":281,"column":10227}},"35":{"start":{"line":282,"column":12},"end":{"line":282,"column":47}},"36":{"start":{"line":283,"column":8},"end":{"line":283,"column":45}},"37":{"start":{"line":284,"column":8},"end":{"line":284,"column":41}},"38":{"start":{"line":295,"column":8},"end":{"line":295,"column":88}},"39":{"start":{"line":297,"column":8},"end":{"line":297,"column":10790}},"40":{"start":{"line":298,"column":12},"end":{"line":298,"column":40}},"41":{"start":{"line":299,"column":8},"end":{"line":299,"column":47}},"42":{"start":{"line":300,"column":8},"end":{"line":300,"column":35}},"43":{"start":{"line":311,"column":8},"end":{"line":311,"column":75}},"44":{"start":{"line":313,"column":8},"end":{"line":313,"column":38}},"45":{"start":{"line":314,"column":8},"end":{"line":314,"column":47}},"46":{"start":{"line":315,"column":8},"end":{"line":315,"column":34}},"47":{"start":{"line":326,"column":8},"end":{"line":326,"column":81}},"48":{"start":{"line":328,"column":8},"end":{"line":328,"column":67}},"49":{"start":{"line":329,"column":8},"end":{"line":329,"column":58}},"50":{"start":{"line":341,"column":8},"end":{"line":341,"column":49}},"51":{"start":{"line":342,"column":8},"end":{"line":342,"column":39}},"52":{"start":{"line":352,"column":8},"end":{"line":352,"column":53}},"53":{"start":{"line":353,"column":8},"end":{"line":353,"column":43}},"54":{"start":{"line":383,"column":8},"end":{"line":383,"column":13836}},"55":{"start":{"line":393,"column":8},"end":{"line":393,"column":80}},"56":{"start":{"line":394,"column":8},"end":{"line":394,"column":76}},"57":{"start":{"line":396,"column":8},"end":{"line":396,"column":14270}},"58":{"start":{"line":420,"column":8},"end":{"line":420,"column":14828}},"59":{"start":{"line":434,"column":8},"end":{"line":434,"column":38}},"60":{"start":{"line":435,"column":8},"end":{"line":435,"column":36}},"61":{"start":{"line":436,"column":8},"end":{"line":436,"column":72}},"62":{"start":{"line":464,"column":8},"end":{"line":464,"column":16329}},"63":{"start":{"line":488,"column":8},"end":{"line":488,"column":89}},"64":{"start":{"line":489,"column":8},"end":{"line":489,"column":78}},"65":{"start":{"line":491,"column":8},"end":{"line":491,"column":17232}},"66":{"start":{"line":500,"column":8},"end":{"line":500,"column":48}},"67":{"start":{"line":501,"column":8},"end":{"line":501,"column":48}},"68":{"start":{"line":502,"column":8},"end":{"line":502,"column":49}},"69":{"start":{"line":504,"column":8},"end":{"line":504,"column":56}},"70":{"start":{"line":520,"column":8},"end":{"line":520,"column":70}},"71":{"start":{"line":521,"column":8},"end":{"line":521,"column":18207}},"72":{"start":{"line":542,"column":8},"end":{"line":542,"column":18848}},"73":{"start":{"line":548,"column":8},"end":{"line":548,"column":19081}},"74":{"start":{"line":549,"column":12},"end":{"line":549,"column":77}},"75":{"start":{"line":551,"column":8},"end":{"line":551,"column":19218}},"76":{"start":{"line":552,"column":12},"end":{"line":552,"column":73}},"77":{"start":{"line":554,"column":8},"end":{"line":554,"column":19317}},"78":{"start":{"line":555,"column":12},"end":{"line":555,"column":46}},"79":{"start":{"line":556,"column":8},"end":{"line":556,"column":56}},"80":{"start":{"line":565,"column":8},"end":{"line":565,"column":46}},"81":{"start":{"line":574,"column":8},"end":{"line":574,"column":44}},"82":{"start":{"line":583,"column":8},"end":{"line":583,"column":22}}},"branchMap":{"1":{"line":51,"type":"if","locations":[{"start":{"line":51,"column":8},"end":{"line":51,"column":8}},{"start":{"line":51,"column":8},"end":{"line":51,"column":8}}]},"2":{"line":56,"type":"if","locations":[{"start":{"line":56,"column":8},"end":{"line":56,"column":8}},{"start":{"line":56,"column":8},"end":{"line":56,"column":8}}]},"3":{"line":61,"type":"if","locations":[{"start":{"line":61,"column":8},"end":{"line":61,"column":8}},{"start":{"line":61,"column":8},"end":{"line":61,"column":8}}]},"4":{"line":66,"type":"if","locations":[{"start":{"line":66,"column":8},"end":{"line":66,"column":8}},{"start":{"line":66,"column":8},"end":{"line":66,"column":8}}]},"5":{"line":71,"type":"if","locations":[{"start":{"line":71,"column":8},"end":{"line":71,"column":8}},{"start":{"line":71,"column":8},"end":{"line":71,"column":8}}]},"6":{"line":72,"type":"if","locations":[{"start":{"line":72,"column":8},"end":{"line":72,"column":8}},{"start":{"line":72,"column":8},"end":{"line":72,"column":8}}]},"7":{"line":117,"type":"if","locations":[{"start":{"line":117,"column":8},"end":{"line":117,"column":8}},{"start":{"line":117,"column":8},"end":{"line":117,"column":8}}]},"8":{"line":120,"type":"if","locations":[{"start":{"line":120,"column":8},"end":{"line":120,"column":8}},{"start":{"line":120,"column":8},"end":{"line":120,"column":8}}]},"9":{"line":130,"type":"if","locations":[{"start":{"line":130,"column":8},"end":{"line":130,"column":8}},{"start":{"line":130,"column":8},"end":{"line":130,"column":8}}]},"10":{"line":263,"type":"if","locations":[{"start":{"line":263,"column":8},"end":{"line":263,"column":8}},{"start":{"line":263,"column":8},"end":{"line":263,"column":8}}]},"11":{"line":265,"type":"if","locations":[{"start":{"line":265,"column":8},"end":{"line":265,"column":8}},{"start":{"line":265,"column":8},"end":{"line":265,"column":8}}]},"12":{"line":279,"type":"if","locations":[{"start":{"line":279,"column":8},"end":{"line":279,"column":8}},{"start":{"line":279,"column":8},"end":{"line":279,"column":8}}]},"13":{"line":281,"type":"if","locations":[{"start":{"line":281,"column":8},"end":{"line":281,"column":8}},{"start":{"line":281,"column":8},"end":{"line":281,"column":8}}]},"14":{"line":295,"type":"if","locations":[{"start":{"line":295,"column":8},"end":{"line":295,"column":8}},{"start":{"line":295,"column":8},"end":{"line":295,"column":8}}]},"15":{"line":297,"type":"if","locations":[{"start":{"line":297,"column":8},"end":{"line":297,"column":8}},{"start":{"line":297,"column":8},"end":{"line":297,"column":8}}]},"16":{"line":311,"type":"if","locations":[{"start":{"line":311,"column":8},"end":{"line":311,"column":8}},{"start":{"line":311,"column":8},"end":{"line":311,"column":8}}]},"17":{"line":326,"type":"if","locations":[{"start":{"line":326,"column":8},"end":{"line":326,"column":8}},{"start":{"line":326,"column":8},"end":{"line":326,"column":8}}]},"18":{"line":394,"type":"if","locations":[{"start":{"line":394,"column":8},"end":{"line":394,"column":8}},{"start":{"line":394,"column":8},"end":{"line":394,"column":8}}]},"19":{"line":488,"type":"if","locations":[{"start":{"line":488,"column":8},"end":{"line":488,"column":8}},{"start":{"line":488,"column":8},"end":{"line":488,"column":8}}]},"20":{"line":489,"type":"if","locations":[{"start":{"line":489,"column":8},"end":{"line":489,"column":8}},{"start":{"line":489,"column":8},"end":{"line":489,"column":8}}]},"21":{"line":520,"type":"if","locations":[{"start":{"line":520,"column":8},"end":{"line":520,"column":8}},{"start":{"line":520,"column":8},"end":{"line":520,"column":8}}]},"22":{"line":542,"type":"if","locations":[{"start":{"line":542,"column":8},"end":{"line":542,"column":8}},{"start":{"line":542,"column":8},"end":{"line":542,"column":8}}]},"23":{"line":548,"type":"if","locations":[{"start":{"line":548,"column":8},"end":{"line":548,"column":8}},{"start":{"line":548,"column":8},"end":{"line":548,"column":8}}]},"24":{"line":551,"type":"if","locations":[{"start":{"line":551,"column":8},"end":{"line":551,"column":8}},{"start":{"line":551,"column":8},"end":{"line":551,"column":8}}]},"25":{"line":554,"type":"if","locations":[{"start":{"line":554,"column":8},"end":{"line":554,"column":8}},{"start":{"line":554,"column":8},"end":{"line":554,"column":8}}]}}},
"contracts/TokenFactory.sol":{"l":{"17":627,"32":13,"50":47,"52":45,"71":13,"94":496,"95":495,"96":31,"97":495,"121":3,"122":3,"123":0,"124":3,"125":3,"150":28,"151":28,"152":0,"153":28,"154":28,"181":3,"182":3,"183":0,"184":3,"185":3,"186":3,"202":21,"203":20,"204":19,"205":18,"207":16,"225":20,"226":19,"228":18,"240":56,"250":0,"259":807,"268":0},"path":"/Users/billhsu/Desktop/work/github/AR-Factory/contracts/TokenFactory.sol","s":{"1":627,"2":13,"3":47,"4":45,"5":13,"6":496,"7":495,"8":31,"9":495,"10":3,"11":3,"12":0,"13":3,"14":3,"15":28,"16":28,"17":0,"18":28,"19":28,"20":3,"21":3,"22":0,"23":3,"24":3,"25":3,"26":21,"27":20,"28":19,"29":18,"30":16,"31":20,"32":19,"33":18,"34":56,"35":0,"36":807,"37":0},"b":{"1":[45,2],"2":[31,464],"3":[0,3],"4":[0,28],"5":[0,3],"6":[20,1],"7":[19,1],"8":[18,1],"9":[16,2],"10":[19,1],"11":[18,1]},"f":{"1":627,"2":13,"3":47,"4":13,"5":496,"6":3,"7":28,"8":3,"9":21,"10":20,"11":56,"12":0,"13":807,"14":0},"fnMap":{"1":{"name":"constructor","line":16,"loc":{"start":{"line":16,"column":4},"end":{"line":18,"column":4}}},"2":{"name":"supportsInterface","line":26,"loc":{"start":{"line":26,"column":4},"end":{"line":33,"column":4}}},"3":{"name":"holdingTimeOf","line":41,"loc":{"start":{"line":41,"column":4},"end":{"line":53,"column":4}}},"4":{"name":"recordingHoldingTimeOf","line":62,"loc":{"start":{"line":62,"column":4},"end":{"line":72,"column":4}}},"5":{"name":"createToken","line":83,"loc":{"start":{"line":83,"column":4},"end":{"line":98,"column":4}}},"6":{"name":"createToken","line":109,"loc":{"start":{"line":109,"column":4},"end":{"line":126,"column":4}}},"7":{"name":"createTokenWithRecording","line":138,"loc":{"start":{"line":138,"column":4},"end":{"line":155,"column":4}}},"8":{"name":"createTokenWithRecording","line":168,"loc":{"start":{"line":168,"column":4},"end":{"line":187,"column":4}}},"9":{"name":"setTimeInterval","line":194,"loc":{"start":{"line":194,"column":4},"end":{"line":208,"column":4}}},"10":{"name":"setERC20Attribute","line":216,"loc":{"start":{"line":216,"column":4},"end":{"line":229,"column":4}}},"11":{"name":"_transferFrom","line":231,"loc":{"start":{"line":231,"column":4},"end":{"line":241,"column":4}}},"12":{"name":"versionRecipient","line":243,"loc":{"start":{"line":243,"column":4},"end":{"line":251,"column":4}}},"13":{"name":"_msgSender","line":253,"loc":{"start":{"line":253,"column":4},"end":{"line":260,"column":4}}},"14":{"name":"_msgData","line":262,"loc":{"start":{"line":262,"column":4},"end":{"line":269,"column":4}}}},"statementMap":{"1":{"start":{"line":17,"column":8},"end":{"line":17,"column":43}},"2":{"start":{"line":32,"column":8},"end":{"line":32,"column":52}},"3":{"start":{"line":50,"column":8},"end":{"line":50,"column":70}},"4":{"start":{"line":52,"column":8},"end":{"line":52,"column":82}},"5":{"start":{"line":71,"column":8},"end":{"line":71,"column":100}},"6":{"start":{"line":94,"column":8},"end":{"line":94,"column":84}},"7":{"start":{"line":95,"column":8},"end":{"line":95,"column":3314}},"8":{"start":{"line":96,"column":12},"end":{"line":96,"column":34}},"9":{"start":{"line":97,"column":8},"end":{"line":97,"column":22}},"10":{"start":{"line":121,"column":8},"end":{"line":121,"column":94}},"11":{"start":{"line":122,"column":8},"end":{"line":122,"column":4249}},"12":{"start":{"line":123,"column":12},"end":{"line":123,"column":34}},"13":{"start":{"line":124,"column":8},"end":{"line":124,"column":34}},"14":{"start":{"line":125,"column":8},"end":{"line":125,"column":22}},"15":{"start":{"line":150,"column":8},"end":{"line":150,"column":94}},"16":{"start":{"line":151,"column":8},"end":{"line":151,"column":5367}},"17":{"start":{"line":152,"column":12},"end":{"line":152,"column":34}},"18":{"start":{"line":153,"column":8},"end":{"line":153,"column":54}},"19":{"start":{"line":154,"column":8},"end":{"line":154,"column":22}},"20":{"start":{"line":181,"column":8},"end":{"line":181,"column":94}},"21":{"start":{"line":182,"column":8},"end":{"line":182,"column":6580}},"22":{"start":{"line":183,"column":12},"end":{"line":183,"column":34}},"23":{"start":{"line":184,"column":8},"end":{"line":184,"column":54}},"24":{"start":{"line":185,"column":8},"end":{"line":185,"column":34}},"25":{"start":{"line":186,"column":8},"end":{"line":186,"column":16}},"26":{"start":{"line":202,"column":8},"end":{"line":202,"column":77}},"27":{"start":{"line":203,"column":8},"end":{"line":203,"column":70}},"28":{"start":{"line":204,"column":8},"end":{"line":204,"column":63}},"29":{"start":{"line":205,"column":8},"end":{"line":205,"column":59}},"30":{"start":{"line":207,"column":8},"end":{"line":207,"column":47}},"31":{"start":{"line":225,"column":8},"end":{"line":225,"column":77}},"32":{"start":{"line":226,"column":8},"end":{"line":226,"column":69}},"33":{"start":{"line":228,"column":8},"end":{"line":228,"column":62}},"34":{"start":{"line":240,"column":8},"end":{"line":240,"column":56}},"35":{"start":{"line":250,"column":8},"end":{"line":250,"column":22}},"36":{"start":{"line":259,"column":8},"end":{"line":259,"column":46}},"37":{"start":{"line":268,"column":8},"end":{"line":268,"column":44}}},"branchMap":{"1":{"line":50,"type":"if","locations":[{"start":{"line":50,"column":8},"end":{"line":50,"column":8}},{"start":{"line":50,"column":8},"end":{"line":50,"column":8}}]},"2":{"line":95,"type":"if","locations":[{"start":{"line":95,"column":8},"end":{"line":95,"column":8}},{"start":{"line":95,"column":8},"end":{"line":95,"column":8}}]},"3":{"line":122,"type":"if","locations":[{"start":{"line":122,"column":8},"end":{"line":122,"column":8}},{"start":{"line":122,"column":8},"end":{"line":122,"column":8}}]},"4":{"line":151,"type":"if","locations":[{"start":{"line":151,"column":8},"end":{"line":151,"column":8}},{"start":{"line":151,"column":8},"end":{"line":151,"column":8}}]},"5":{"line":182,"type":"if","locations":[{"start":{"line":182,"column":8},"end":{"line":182,"column":8}},{"start":{"line":182,"column":8},"end":{"line":182,"column":8}}]},"6":{"line":202,"type":"if","locations":[{"start":{"line":202,"column":8},"end":{"line":202,"column":8}},{"start":{"line":202,"column":8},"end":{"line":202,"column":8}}]},"7":{"line":203,"type":"if","locations":[{"start":{"line":203,"column":8},"end":{"line":203,"column":8}},{"start":{"line":203,"column":8},"end":{"line":203,"column":8}}]},"8":{"line":204,"type":"if","locations":[{"start":{"line":204,"column":8},"end":{"line":204,"column":8}},{"start":{"line":204,"column":8},"end":{"line":204,"column":8}}]},"9":{"line":205,"type":"if","locations":[{"start":{"line":205,"column":8},"end":{"line":205,"column":8}},{"start":{"line":205,"column":8},"end":{"line":205,"column":8}}]},"10":{"line":225,"type":"if","locations":[{"start":{"line":225,"column":8},"end":{"line":225,"column":8}},{"start":{"line":225,"column":8},"end":{"line":225,"column":8}}]},"11":{"line":226,"type":"if","locations":[{"start":{"line":226,"column":8},"end":{"line":226,"column":8}},{"start":{"line":226,"column":8},"end":{"line":226,"column":8}}]}}}}
