TN:
SF:/Users/billhsu/Desktop/work/github/AR-Factory/contracts/ERC1155ERC721.sol
FN:60,AuthorizedTransfer
FN:79,settingOperatorOf
FN:90,recordingOperatorOf
FN:103,timeIntervalOf
FN:121,supportsInterface
FN:161,safeTransferFrom
FN:198,safeBatchTransferFrom
FN:228,balanceOf
FN:251,balanceOfBatch
FN:274,setApprovalForAll
FN:289,isApprovedForAll
FN:306,balanceOf
FN:321,ownerOf
FN:338,safeTransferFrom
FN:369,safeTransferFrom
FN:403,transferFrom
FN:426,approve
FN:444,getApproved
FN:463,recordingTransferFrom
FN:482,recordingBalanceOf
FN:495,_updateHoldingTime
FN:507,_batchUpdateHoldingTime
FN:519,_updateRecordingHoldingTime
FN:531,_calcHoldingTime
FN:559,_calcRecordingHoldingTime
FN:587,_setTime
FN:598,_recordingTransferFrom
FN:611,_batchTransferFrom
FN:645,_mint
FN:680,_mintCopy
FN:692,_checkReceivable
FN:714,_checkERC1155Receivable
FN:728,_checkERC721Receivable
FN:741,_checkIsERC1155Receiver
FN:753,_checkBatchReceivable
FN:768,_ownerOf
FN:776,_transferFrom
FNF:37
FNH:37
FNDA:68,AuthorizedTransfer
FNDA:4,settingOperatorOf
FNDA:4,recordingOperatorOf
FNDA:1,timeIntervalOf
FNDA:11,supportsInterface
FNDA:30,safeTransferFrom
FNDA:19,safeBatchTransferFrom
FNDA:474,balanceOf
FNDA:12,balanceOfBatch
FNDA:13,setApprovalForAll
FNDA:4,isApprovedForAll
FNDA:31,balanceOf
FNDA:15,ownerOf
FNDA:1,safeTransferFrom
FNDA:28,safeTransferFrom
FNDA:5,transferFrom
FNDA:8,approve
FNDA:5,getApproved
FNDA:8,recordingTransferFrom
FNDA:27,recordingBalanceOf
FNDA:20,_updateHoldingTime
FNDA:36,_batchUpdateHoldingTime
FNDA:10,_updateRecordingHoldingTime
FNDA:65,_calcHoldingTime
FNDA:23,_calcRecordingHoldingTime
FNDA:16,_setTime
FNDA:5,_recordingTransferFrom
FNDA:18,_batchTransferFrom
FNDA:496,_mint
FNDA:31,_mintCopy
FNDA:21,_checkReceivable
FNDA:10,_checkERC1155Receivable
FNDA:9,_checkERC721Receivable
FNDA:13,_checkIsERC1155Receiver
FNDA:6,_checkBatchReceivable
FNDA:55,_ownerOf
FNDA:56,_transferFrom
DA:65,68
DA:71,63
DA:84,4
DA:95,4
DA:108,1
DA:109,1
DA:110,1
DA:130,11
DA:133,5
DA:135,6
DA:163,30
DA:164,29
DA:165,11
DA:166,10
DA:167,9
DA:169,9
DA:172,18
DA:173,2
DA:174,2
DA:176,18
DA:178,16
DA:179,6
DA:208,19
DA:209,19
DA:210,18
DA:212,18
DA:213,18
DA:214,18
DA:216,16
DA:217,6
DA:238,474
DA:239,40
DA:240,22
DA:242,18
DA:244,434
DA:260,12
DA:262,12
DA:263,12
DA:264,250
DA:267,12
DA:281,13
DA:282,13
DA:298,4
DA:312,31
DA:327,15
DA:328,15
DA:329,13
DA:346,1
DA:371,28
DA:372,28
DA:374,26
DA:375,1
DA:376,1
DA:378,26
DA:380,26
DA:381,11
DA:405,5
DA:406,5
DA:408,4
DA:409,2
DA:410,2
DA:412,4
DA:414,4
DA:415,1
DA:433,8
DA:434,8
DA:436,5
DA:437,5
DA:450,5
DA:451,4
DA:471,8
DA:472,5
DA:474,5
DA:475,5
DA:476,5
DA:490,27
DA:501,20
DA:503,20
DA:504,20
DA:513,36
DA:514,678
DA:515,6
DA:525,10
DA:526,10
DA:539,65
DA:540,65
DA:541,65
DA:542,65
DA:544,65
DA:545,14
DA:546,51
DA:547,2
DA:548,49
DA:549,5
DA:550,44
DA:551,6
DA:553,44
DA:554,10
DA:556,34
DA:567,23
DA:568,23
DA:569,23
DA:570,23
DA:572,23
DA:573,7
DA:574,16
DA:575,5
DA:576,11
DA:577,1
DA:578,10
DA:579,2
DA:581,10
DA:582,4
DA:584,6
DA:594,16
DA:595,16
DA:606,5
DA:607,5
DA:608,5
DA:620,18
DA:622,18
DA:623,281
DA:624,281
DA:625,4
DA:626,4
DA:627,4
DA:628,4
DA:629,4
DA:630,4
DA:631,4
DA:633,277
DA:634,276
DA:635,275
DA:639,16
DA:640,16
DA:642,16
DA:655,496
DA:656,496
DA:657,13
DA:659,496
DA:660,65
DA:661,65
DA:662,65
DA:663,65
DA:665,431
DA:668,496
DA:669,496
DA:671,496
DA:673,496
DA:674,2
DA:677,495
DA:687,31
DA:688,31
DA:689,31
DA:705,21
DA:706,11
DA:707,9
DA:709,2
DA:711,10
DA:725,10
DA:738,9
DA:745,13
DA:747,13
DA:748,1
DA:749,12
DA:750,12
DA:764,6
DA:773,55
DA:785,56
DA:786,30
DA:787,30
DA:788,30
DA:789,30
DA:790,30
DA:791,30
DA:793,30
DA:796,26
DA:797,26
DA:798,23
DA:802,53
LF:180
LH:180
BRDA:65,1,0,63
BRDA:65,1,1,5
BRDA:130,2,0,5
BRDA:130,2,1,6
BRDA:163,3,0,29
BRDA:163,3,1,1
BRDA:164,4,0,11
BRDA:164,4,1,18
BRDA:165,5,0,10
BRDA:165,5,1,1
BRDA:166,6,0,9
BRDA:166,6,1,1
BRDA:172,7,0,2
BRDA:172,7,1,16
BRDA:178,8,0,6
BRDA:178,8,1,10
BRDA:179,9,0,3
BRDA:179,9,1,3
BRDA:208,10,0,19
BRDA:208,10,1,0
BRDA:209,11,0,18
BRDA:209,11,1,1
BRDA:216,12,0,6
BRDA:216,12,1,10
BRDA:217,13,0,2
BRDA:217,13,1,4
BRDA:238,14,0,40
BRDA:238,14,1,434
BRDA:239,15,0,22
BRDA:239,15,1,18
BRDA:260,16,0,12
BRDA:260,16,1,0
BRDA:328,17,0,13
BRDA:328,17,1,2
BRDA:371,18,0,28
BRDA:371,18,1,0
BRDA:372,19,0,26
BRDA:372,19,1,2
BRDA:374,20,0,1
BRDA:374,20,1,25
BRDA:380,21,0,11
BRDA:380,21,1,15
BRDA:381,22,0,6
BRDA:381,22,1,5
BRDA:405,23,0,5
BRDA:405,23,1,0
BRDA:406,24,0,4
BRDA:406,24,1,1
BRDA:408,25,0,2
BRDA:408,25,1,2
BRDA:414,26,0,1
BRDA:414,26,1,3
BRDA:415,27,0,1
BRDA:415,27,1,0
BRDA:434,28,0,5
BRDA:434,28,1,3
BRDA:450,29,0,4
BRDA:450,29,1,1
BRDA:471,30,0,5
BRDA:471,30,1,3
BRDA:472,31,0,5
BRDA:472,31,1,0
BRDA:501,32,0,20
BRDA:501,32,1,0
BRDA:514,33,0,6
BRDA:514,33,1,672
BRDA:544,34,0,14
BRDA:544,34,1,51
BRDA:546,35,0,2
BRDA:546,35,1,49
BRDA:548,36,0,5
BRDA:548,36,1,44
BRDA:550,37,0,6
BRDA:550,37,1,38
BRDA:553,38,0,10
BRDA:553,38,1,34
BRDA:572,39,0,7
BRDA:572,39,1,16
BRDA:574,40,0,5
BRDA:574,40,1,11
BRDA:576,41,0,1
BRDA:576,41,1,10
BRDA:578,42,0,2
BRDA:578,42,1,8
BRDA:581,43,0,4
BRDA:581,43,1,6
BRDA:623,44,0,281
BRDA:623,44,1,0
BRDA:624,45,0,4
BRDA:624,45,1,277
BRDA:625,46,0,4
BRDA:625,46,1,0
BRDA:626,47,0,4
BRDA:626,47,1,0
BRDA:627,48,0,4
BRDA:627,48,1,0
BRDA:633,49,0,276
BRDA:633,49,1,1
BRDA:656,50,0,13
BRDA:656,50,1,483
BRDA:659,51,0,65
BRDA:659,51,1,431
BRDA:673,52,0,2
BRDA:673,52,1,494
BRDA:674,53,0,1
BRDA:674,53,1,1
BRDA:705,54,0,11
BRDA:705,54,1,10
BRDA:706,55,0,9
BRDA:706,55,1,2
BRDA:747,56,0,1
BRDA:747,56,1,12
BRDA:785,57,0,30
BRDA:785,57,1,26
BRDA:786,58,0,30
BRDA:786,58,1,0
BRDA:787,59,0,30
BRDA:787,59,1,0
BRDA:796,60,0,26
BRDA:796,60,1,0
BRF:120
BRH:106
end_of_record
TN:
SF:/Users/billhsu/Desktop/work/github/AR-Factory/contracts/ERC1155ERC721Metadata.sol
FN:22,supportsInterface
FN:43,uri
FN:53,name
FN:63,symbol
FN:76,tokenURI
FN:86,_setTokenURI
FNF:6
FNH:6
FNDA:13,supportsInterface
FNDA:6,uri
FNDA:1,name
FNDA:1,symbol
FNDA:4,tokenURI
FNDA:6,_setTokenURI
DA:31,13
DA:33,2
DA:35,11
DA:49,6
DA:59,1
DA:69,1
DA:82,4
DA:83,3
DA:92,6
LF:9
LH:9
BRDA:31,1,0,2
BRDA:31,1,1,11
BRDA:82,2,0,3
BRDA:82,2,1,1
BRF:4
BRH:4
end_of_record
TN:
SF:/Users/billhsu/Desktop/work/github/AR-Factory/contracts/ERC1155ERC721WithAdapter.sol
FN:21,constructor
FN:28,totalSupply
FN:40,getAdapter
FN:54,transferByAdapter
FN:78,_transferFrom
FN:95,_setERC20Attribute
FN:107,_createAdapter
FN:118,_createClone
FN:142,initialize
FN:150,setAttribute
FN:162,totalSupply
FN:171,balanceOf
FN:180,allowance
FN:192,approve
FN:205,transferFrom
FN:222,transfer
FN:236,emitTransfer
FN:249,_approve
FN:260,_transfer
FNF:19
FNH:19
FNDA:627,constructor
FNDA:2,totalSupply
FNDA:23,getAdapter
FNDA:8,transferByAdapter
FNDA:56,_transferFrom
FNDA:18,_setERC20Attribute
FNDA:31,_createAdapter
FNDA:31,_createClone
FNDA:32,initialize
FNDA:18,setAttribute
FNDA:2,totalSupply
FNDA:12,balanceOf
FNDA:2,allowance
FNDA:8,approve
FNDA:4,transferFrom
FNDA:7,transfer
FNDA:11,emitTransfer
FNDA:9,_approve
FNDA:8,_transfer
DA:22,627
DA:33,2
DA:45,23
DA:62,8
DA:64,8
DA:65,2
DA:66,2
DA:68,8
DA:70,7
DA:71,1
DA:88,56
DA:89,53
DA:90,53
DA:91,11
DA:103,18
DA:104,18
DA:110,31
DA:111,31
DA:112,31
DA:113,31
DA:122,31
DA:123,31
DA:145,32
DA:146,31
DA:147,31
DA:157,18
DA:158,18
DA:159,18
DA:160,18
DA:168,2
DA:177,12
DA:189,2
DA:200,8
DA:201,7
DA:202,7
DA:214,4
DA:216,3
DA:217,2
DA:218,2
DA:230,7
DA:232,6
DA:233,5
DA:244,11
DA:246,11
DA:256,9
DA:257,9
DA:267,8
DA:268,7
LF:48
LH:48
BRDA:62,1,0,8
BRDA:62,1,1,0
BRDA:64,2,0,2
BRDA:64,2,1,6
BRDA:70,3,0,1
BRDA:70,3,1,6
BRDA:71,4,0,1
BRDA:71,4,1,0
BRDA:90,5,0,11
BRDA:90,5,1,42
BRDA:145,6,0,31
BRDA:145,6,1,1
BRDA:157,7,0,18
BRDA:157,7,1,0
BRDA:200,8,0,7
BRDA:200,8,1,1
BRDA:214,9,0,3
BRDA:214,9,1,1
BRDA:230,10,0,6
BRDA:230,10,1,1
BRDA:244,11,0,11
BRDA:244,11,1,0
BRF:22
BRH:18
end_of_record
TN:
SF:/Users/billhsu/Desktop/work/github/AR-Factory/contracts/InvoiceFactoryUpgrade.sol
FN:49,onlyAdmin
FN:55,onlySupplier
FN:60,onlyAnchor
FN:65,onlyTrust
FN:70,checkTrustVerified
FN:99,__initialize
FN:116,queryInvoiceId
FN:129,queryTokenId
FN:138,queryAnchorVerified
FN:146,querySupplierVerified
FN:159,queryInvoice
FN:185,queryInvoiceData
FN:205,isAnchor
FN:216,isSupplier
FN:230,updateTrustAddress
FN:239,updateTokenFactory
FN:248,updateWhitelist
FN:261,enrollAnchor
FN:277,enrollSupplier
FN:293,enrollAdmin
FN:309,removeAdmin
FN:324,anchorVerifyInvoice
FN:339,trustVerifyAnchor
FN:350,trustVerifySupplier
FN:381,uploadInvoice
FN:408,_uploadInvoice
FN:449,uploadPreSignedHash
FN:486,invoiceToToken
FN:518,setTimeInterval
FN:540,restoreAccount
FN:559,_msgSender
FN:568,_msgData
FN:577,versionRecipient
FNF:33
FNH:31
FNDA:91,onlyAdmin
FNDA:21,onlySupplier
FNDA:17,onlyAnchor
FNDA:63,onlyTrust
FNDA:36,checkTrustVerified
FNDA:177,__initialize
FNDA:2,queryInvoiceId
FNDA:2,queryTokenId
FNDA:6,queryAnchorVerified
FNDA:2,querySupplierVerified
FNDA:3,queryInvoice
FNDA:3,queryInvoiceData
FNDA:3,isAnchor
FNDA:3,isSupplier
FNDA:1,updateTrustAddress
FNDA:1,updateTokenFactory
FNDA:4,updateWhitelist
FNDA:26,enrollAnchor
FNDA:25,enrollSupplier
FNDA:5,enrollAdmin
FNDA:2,removeAdmin
FNDA:15,anchorVerifyInvoice
FNDA:26,trustVerifyAnchor
FNDA:26,trustVerifySupplier
FNDA:20,uploadInvoice
FNDA:19,_uploadInvoice
FNDA:21,uploadPreSignedHash
FNDA:14,invoiceToToken
FNDA:8,setTimeInterval
FNDA:4,restoreAccount
FNDA:760,_msgSender
FNDA:0,_msgData
FNDA:0,versionRecipient
DA:51,91
DA:52,83
DA:56,21
DA:57,21
DA:61,17
DA:62,15
DA:66,63
DA:67,60
DA:71,36
DA:72,35
DA:73,35
DA:101,177
DA:102,177
DA:103,177
DA:104,177
DA:105,177
DA:106,177
DA:117,2
DA:119,2
DA:120,2
DA:122,2
DA:130,2
DA:131,2
DA:139,6
DA:147,2
DA:168,3
DA:193,3
DA:210,3
DA:221,3
DA:232,1
DA:241,1
DA:250,4
DA:263,26
DA:265,25
DA:266,25
DA:267,25
DA:268,25
DA:279,25
DA:281,24
DA:282,24
DA:283,24
DA:284,24
DA:295,5
DA:297,4
DA:298,4
DA:299,4
DA:300,4
DA:311,2
DA:313,2
DA:314,2
DA:315,2
DA:326,15
DA:328,14
DA:329,14
DA:341,26
DA:342,26
DA:352,26
DA:353,26
DA:383,20
DA:393,20
DA:394,20
DA:396,19
DA:420,19
DA:434,19
DA:435,19
DA:436,19
DA:464,21
DA:488,14
DA:489,13
DA:491,12
DA:500,12
DA:501,12
DA:502,12
DA:504,12
DA:520,8
DA:521,7
DA:542,4
DA:548,3
DA:549,2
DA:551,3
DA:552,1
DA:554,3
DA:555,3
DA:556,3
DA:565,760
DA:574,0
DA:583,0
LF:87
LH:85
BRDA:51,1,0,83
BRDA:51,1,1,8
BRDA:56,2,0,21
BRDA:56,2,1,0
BRDA:61,3,0,15
BRDA:61,3,1,2
BRDA:66,4,0,60
BRDA:66,4,1,3
BRDA:71,5,0,35
BRDA:71,5,1,1
BRDA:72,6,0,35
BRDA:72,6,1,0
BRDA:117,7,0,2
BRDA:117,7,1,0
BRDA:120,8,0,2
BRDA:120,8,1,0
BRDA:130,9,0,2
BRDA:130,9,1,0
BRDA:263,10,0,25
BRDA:263,10,1,1
BRDA:265,11,0,25
BRDA:265,11,1,0
BRDA:279,12,0,24
BRDA:279,12,1,1
BRDA:281,13,0,24
BRDA:281,13,1,0
BRDA:295,14,0,4
BRDA:295,14,1,1
BRDA:297,15,0,4
BRDA:297,15,1,0
BRDA:311,16,0,2
BRDA:311,16,1,0
BRDA:326,17,0,14
BRDA:326,17,1,1
BRDA:394,18,0,19
BRDA:394,18,1,1
BRDA:488,19,0,13
BRDA:488,19,1,1
BRDA:489,20,0,12
BRDA:489,20,1,1
BRDA:520,21,0,7
BRDA:520,21,1,1
BRDA:542,22,0,3
BRDA:542,22,1,1
BRDA:548,23,0,2
BRDA:548,23,1,1
BRDA:551,24,0,1
BRDA:551,24,1,2
BRDA:554,25,0,3
BRDA:554,25,1,0
BRF:50
BRH:40
end_of_record
TN:
SF:/Users/billhsu/Desktop/work/github/AR-Factory/contracts/TokenFactory.sol
FN:16,constructor
FN:26,supportsInterface
FN:41,holdingTimeOf
FN:62,recordingHoldingTimeOf
FN:83,createToken
FN:109,createToken
FN:138,createTokenWithRecording
FN:168,createTokenWithRecording
FN:194,setTimeInterval
FN:216,setERC20Attribute
FN:231,_transferFrom
FN:243,versionRecipient
FN:253,_msgSender
FN:262,_msgData
FNF:14
FNH:12
FNDA:627,constructor
FNDA:13,supportsInterface
FNDA:47,holdingTimeOf
FNDA:13,recordingHoldingTimeOf
FNDA:496,createToken
FNDA:3,createToken
FNDA:28,createTokenWithRecording
FNDA:3,createTokenWithRecording
FNDA:21,setTimeInterval
FNDA:20,setERC20Attribute
FNDA:56,_transferFrom
FNDA:0,versionRecipient
FNDA:807,_msgSender
FNDA:0,_msgData
DA:17,627
DA:32,13
DA:50,47
DA:52,45
DA:71,13
DA:94,496
DA:95,495
DA:96,31
DA:97,495
DA:121,3
DA:122,3
DA:123,0
DA:124,3
DA:125,3
DA:150,28
DA:151,28
DA:152,0
DA:153,28
DA:154,28
DA:181,3
DA:182,3
DA:183,0
DA:184,3
DA:185,3
DA:186,3
DA:202,21
DA:203,20
DA:204,19
DA:205,18
DA:207,16
DA:225,20
DA:226,19
DA:228,18
DA:240,56
DA:250,0
DA:259,807
DA:268,0
LF:37
LH:32
BRDA:50,1,0,45
BRDA:50,1,1,2
BRDA:95,2,0,31
BRDA:95,2,1,464
BRDA:122,3,0,0
BRDA:122,3,1,3
BRDA:151,4,0,0
BRDA:151,4,1,28
BRDA:182,5,0,0
BRDA:182,5,1,3
BRDA:202,6,0,20
BRDA:202,6,1,1
BRDA:203,7,0,19
BRDA:203,7,1,1
BRDA:204,8,0,18
BRDA:204,8,1,1
BRDA:205,9,0,16
BRDA:205,9,1,2
BRDA:225,10,0,19
BRDA:225,10,1,1
BRDA:226,11,0,18
BRDA:226,11,1,1
BRF:22
BRH:19
end_of_record
